<?xml version="1.0" encoding="UTF-8"?>
<testsuite xmlns:xsi="http://www.w3.org/2001/XMLSchema-instance" xsi:noNamespaceSchemaLocation="https://maven.apache.org/surefire/maven-surefire-plugin/xsd/surefire-test-report.xsd" name="ru.sbt.mipt.oop.event_processors.DoorEventProcessorTest" time="0.17" tests="2" errors="0" skipped="0" failures="0">
  <properties>
[...]
</properties>
  <testcase name="processActiveEvent" classname="ru.sbt.mipt.oop.event_processors.DoorEventProcessorTest" time="0.144"/>
  <testcase name="processPassiveEvent" classname="ru.sbt.mipt.oop.event_processors.DoorEventProcessorTest" time="0.009"/>
</testsuite>